# JRE version: Java(TM) SE Runtime Environment (8.0_60-b27) (build 1.8.0_60-b27)
# Java VM: Java HotSpot(TM) 64-Bit Server VM (25.60-b23 mixed mode windows-amd64 compressed oops)
Heap:
 PSYoungGen      total 313344K, used 130707K [0x00000000d5d00000, 0x00000000f1700000, 0x0000000100000000)
  eden space 196608K, 33% used [0x00000000d5d00000,0x00000000d9e45058,0x00000000e1d00000)
  from space 116736K, 54% used [0x00000000ea500000,0x00000000ee35fef0,0x00000000f1700000)
  to   space 128000K, 0% used [0x00000000e1d00000,0x00000000e1d00000,0x00000000e9a00000)
 ParOldGen       total 137216K, used 106672K [0x0000000081600000, 0x0000000089c00000, 0x00000000d5d00000)
  object space 137216K, 77% used [0x0000000081600000,0x0000000087e2c0d0,0x0000000089c00000)
 Metaspace       used 7737K, capacity 7870K, committed 7936K, reserved 1056768K
  class space    used 719K, capacity 759K, committed 768K, reserved 1048576K
GC Heap History (10 events):
Event: 584.549 GC heap before
{Heap before GC invocations=37 (full 1):
 PSYoungGen      total 304640K, used 304383K [0x00000000d5d00000, 0x00000000f5700000, 0x0000000100000000)
  eden space 240640K, 100% used [0x00000000d5d00000,0x00000000e4800000,0x00000000e4800000)
  from space 64000K, 99% used [0x00000000e5200000,0x00000000e903feb0,0x00000000e9080000)
  to   space 138752K, 0% used [0x00000000ecf80000,0x00000000ecf80000,0x00000000f5700000)
 ParOldGen       total 137216K, used 106608K [0x0000000081600000, 0x0000000089c00000, 0x00000000d5d00000)
  object space 137216K, 77% used [0x0000000081600000,0x0000000087e1c0d0,0x0000000089c00000)
 Metaspace       used 7734K, capacity 7870K, committed 7936K, reserved 1056768K
  class space    used 719K, capacity 759K, committed 768K, reserved 1048576K
Event: 584.630 GC heap after
Heap after GC invocations=37 (full 1):
 PSYoungGen      total 353792K, used 69201K [0x00000000d5d00000, 0x00000000f4780000, 0x0000000100000000)
  eden space 230912K, 0% used [0x00000000d5d00000,0x00000000d5d00000,0x00000000e3e80000)
  from space 122880K, 56% used [0x00000000ecf80000,0x00000000f1314400,0x00000000f4780000)
  to   space 135680K, 0% used [0x00000000e3e80000,0x00000000e3e80000,0x00000000ec300000)
 ParOldGen       total 137216K, used 106624K [0x0000000081600000, 0x0000000089c00000, 0x00000000d5d00000)
  object space 137216K, 77% used [0x0000000081600000,0x0000000087e200d0,0x0000000089c00000)
 Metaspace       used 7734K, capacity 7870K, committed 7936K, reserved 1056768K
  class space    used 719K, capacity 759K, committed 768K, reserved 1048576K
}
Event: 597.673 GC heap before
{Heap before GC invocations=38 (full 1):
 PSYoungGen      total 353792K, used 300113K [0x00000000d5d00000, 0x00000000f4780000, 0x0000000100000000)
  eden space 230912K, 100% used [0x00000000d5d00000,0x00000000e3e80000,0x00000000e3e80000)
  from space 122880K, 56% used [0x00000000ecf80000,0x00000000f1314400,0x00000000f4780000)
  to   space 135680K, 0% used [0x00000000e3e80000,0x00000000e3e80000,0x00000000ec300000)
 ParOldGen       total 137216K, used 106624K [0x0000000081600000, 0x0000000089c00000, 0x00000000d5d00000)
  object space 137216K, 77% used [0x0000000081600000,0x0000000087e200d0,0x0000000089c00000)
 Metaspace       used 7734K, capacity 7870K, committed 7936K, reserved 1056768K
  class space    used 719K, capacity 759K, committed 768K, reserved 1048576K
Event: 597.748 GC heap after
Heap after GC invocations=38 (full 1):
 PSYoungGen      total 285184K, used 63487K [0x00000000d5d00000, 0x00000000f3b80000, 0x0000000100000000)
  eden space 221696K, 0% used [0x00000000d5d00000,0x00000000d5d00000,0x00000000e3580000)
  from space 63488K, 99% used [0x00000000e3e80000,0x00000000e7c7fdd0,0x00000000e7c80000)
  to   space 134144K, 0% used [0x00000000eb880000,0x00000000eb880000,0x00000000f3b80000)
 ParOldGen       total 137216K, used 106632K [0x0000000081600000, 0x0000000089c00000, 0x00000000d5d00000)
  object space 137216K, 77% used [0x0000000081600000,0x0000000087e220d0,0x0000000089c00000)
 Metaspace       used 7734K, capacity 7870K, committed 7936K, reserved 1056768K
  class space    used 719K, capacity 759K, committed 768K, reserved 1048576K
}
Event: 610.818 GC heap before
{Heap before GC invocations=39 (full 1):
 PSYoungGen      total 285184K, used 285183K [0x00000000d5d00000, 0x00000000f3b80000, 0x0000000100000000)
  eden space 221696K, 100% used [0x00000000d5d00000,0x00000000e3580000,0x00000000e3580000)
  from space 63488K, 99% used [0x00000000e3e80000,0x00000000e7c7fdd0,0x00000000e7c80000)
  to   space 134144K, 0% used [0x00000000eb880000,0x00000000eb880000,0x00000000f3b80000)
 ParOldGen       total 137216K, used 106632K [0x0000000081600000, 0x0000000089c00000, 0x00000000d5d00000)
  object space 137216K, 77% used [0x0000000081600000,0x0000000087e220d0,0x0000000089c00000)
 Metaspace       used 7737K, capacity 7870K, committed 7936K, reserved 1056768K
  class space    used 719K, capacity 759K, committed 768K, reserved 1048576K
Event: 610.892 GC heap after
Heap after GC invocations=39 (full 1):
 PSYoungGen      total 333312K, used 63055K [0x00000000d5d00000, 0x00000000f2e00000, 0x0000000100000000)
  eden space 212992K, 0% used [0x00000000d5d00000,0x00000000d5d00000,0x00000000e2d00000)
  from space 120320K, 52% used [0x00000000eb880000,0x00000000ef613d60,0x00000000f2e00000)
  to   space 131584K, 0% used [0x00000000e2d00000,0x00000000e2d00000,0x00000000ead80000)
 ParOldGen       total 137216K, used 106640K [0x0000000081600000, 0x0000000089c00000, 0x00000000d5d00000)
  object space 137216K, 77% used [0x0000000081600000,0x0000000087e240d0,0x0000000089c00000)
 Metaspace       used 7737K, capacity 7870K, committed 7936K, reserved 1056768K
  class space    used 719K, capacity 759K, committed 768K, reserved 1048576K
}
Event: 622.572 GC heap before
{Heap before GC invocations=40 (full 1):
 PSYoungGen      total 333312K, used 276047K [0x00000000d5d00000, 0x00000000f2e00000, 0x0000000100000000)
  eden space 212992K, 100% used [0x00000000d5d00000,0x00000000e2d00000,0x00000000e2d00000)
  from space 120320K, 52% used [0x00000000eb880000,0x00000000ef613d60,0x00000000f2e00000)
  to   space 131584K, 0% used [0x00000000e2d00000,0x00000000e2d00000,0x00000000ead80000)
 ParOldGen       total 137216K, used 106640K [0x0000000081600000, 0x0000000089c00000, 0x00000000d5d00000)
  object space 137216K, 77% used [0x0000000081600000,0x0000000087e240d0,0x0000000089c00000)
 Metaspace       used 7737K, capacity 7870K, committed 7936K, reserved 1056768K
  class space    used 719K, capacity 759K, committed 768K, reserved 1048576K
Event: 622.631 GC heap after
Heap after GC invocations=40 (full 1):
 PSYoungGen      total 257024K, used 51916K [0x00000000d5d00000, 0x00000000f2500000, 0x0000000100000000)
  eden space 204800K, 0% used [0x00000000d5d00000,0x00000000d5d00000,0x00000000e2500000)
  from space 52224K, 99% used [0x00000000e2d00000,0x00000000e5fb32a0,0x00000000e6000000)
  to   space 131072K, 0% used [0x00000000ea500000,0x00000000ea500000,0x00000000f2500000)
 ParOldGen       total 137216K, used 106648K [0x0000000081600000, 0x0000000089c00000, 0x00000000d5d00000)
  object space 137216K, 77% used [0x0000000081600000,0x0000000087e260d0,0x0000000089c00000)
 Metaspace       used 7737K, capacity 7870K, committed 7936K, reserved 1056768K
  class space    used 719K, capacity 759K, committed 768K, reserved 1048576K
}
Event: 635.382 GC heap before
{Heap before GC invocations=41 (full 1):
 PSYoungGen      total 257024K, used 256716K [0x00000000d5d00000, 0x00000000f2500000, 0x0000000100000000)
  eden space 204800K, 100% used [0x00000000d5d00000,0x00000000e2500000,0x00000000e2500000)
  from space 52224K, 99% used [0x00000000e2d00000,0x00000000e5fb32a0,0x00000000e6000000)
  to   space 131072K, 0% used [0x00000000ea500000,0x00000000ea500000,0x00000000f2500000)
 ParOldGen       total 137216K, used 106648K [0x0000000081600000, 0x0000000089c00000, 0x00000000d5d00000)
  object space 137216K, 77% used [0x0000000081600000,0x0000000087e260d0,0x0000000089c00000)
 Metaspace       used 7737K, capacity 7870K, committed 7936K, reserved 1056768K
  class space    used 719K, capacity 759K, committed 768K, reserved 1048576K
Event: 635.456 GC heap after
Heap after GC invocations=41 (full 1):
 PSYoungGen      total 313344K, used 63871K [0x00000000d5d00000, 0x00000000f1700000, 0x0000000100000000)
  eden space 196608K, 0% used [0x00000000d5d00000,0x00000000d5d00000,0x00000000e1d00000)
  from space 116736K, 54% used [0x00000000ea500000,0x00000000ee35fef0,0x00000000f1700000)
  to   space 128000K, 0% used [0x00000000e1d00000,0x00000000e1d00000,0x00000000e9a00000)
 ParOldGen       total 137216K, used 106672K [0x0000000081600000, 0x0000000089c00000, 0x00000000d5d00000)
  object space 137216K, 77% used [0x0000000081600000,0x0000000087e2c0d0,0x0000000089c00000)
 Metaspace       used 7737K, capacity 7870K, committed 7936K, reserved 1056768K
  class space    used 719K, capacity 759K, committed 768K, reserved 1048576K
}

